2026-07-08 16:27:46,984 INFO o.a.j.u.JMeterUtils: Setting Locale to en_EN
2026-07-08 16:27:46,999 INFO o.a.j.JMeter: Loading user properties from: C:\Dev\apache-jmeter-5.6.3\bin\user.properties
2026-07-08 16:27:47,000 INFO o.a.j.JMeter: Loading system properties from: C:\Dev\apache-jmeter-5.6.3\bin\system.properties
2026-07-08 16:27:47,005 INFO o.a.j.JMeter: Copyright (c) 1998-2024 The Apache Software Foundation
2026-07-08 16:27:47,005 INFO o.a.j.JMeter: Version 5.6.3
2026-07-08 16:27:47,005 INFO o.a.j.JMeter: java.version=21.0.10
2026-07-08 16:27:47,005 INFO o.a.j.JMeter: java.vm.name=OpenJDK 64-Bit Server VM
2026-07-08 16:27:47,006 INFO o.a.j.JMeter: os.name=Windows 11
2026-07-08 16:27:47,006 INFO o.a.j.JMeter: os.arch=amd64
2026-07-08 16:27:47,006 INFO o.a.j.JMeter: os.version=10.0
2026-07-08 16:27:47,006 INFO o.a.j.JMeter: file.encoding=UTF-8
2026-07-08 16:27:47,006 INFO o.a.j.JMeter: java.awt.headless=true
2026-07-08 16:27:47,006 INFO o.a.j.JMeter: Max memory     =1073741824
2026-07-08 16:27:47,006 INFO o.a.j.JMeter: Available Processors =16
2026-07-08 16:27:47,014 INFO o.a.j.JMeter: Default Locale=English (EN)
2026-07-08 16:27:47,014 INFO o.a.j.JMeter: JMeter  Locale=English (EN)
2026-07-08 16:27:47,014 INFO o.a.j.JMeter: JMeterHome=C:\Dev\apache-jmeter-5.6.3
2026-07-08 16:27:47,014 INFO o.a.j.JMeter: user.dir  =C:\Users\riexd\OneDrive\Documents\pruebas-practica-final
2026-07-08 16:27:47,014 INFO o.a.j.JMeter: PWD       =C:\Users\riexd\OneDrive\Documents\pruebas-practica-final
2026-07-08 16:27:47,022 INFO o.a.j.JMeter: IP: 10.212.134.15 Name: rodrigo FullName: rodrigo
2026-07-08 16:27:47,030 INFO o.a.j.JMeter: Setting property 'jmeter.reportgenerator.outputdir' to:'C:\Users\riexd\OneDrive\Documents\pruebas-practica-final\jmeter\resultados\03-get-characters-reporte'
2026-07-08 16:27:47,032 INFO o.a.j.s.FileServer: Default base='C:\Users\riexd\OneDrive\Documents\pruebas-practica-final'
2026-07-08 16:27:47,033 INFO o.a.j.s.FileServer: Set new base='C:\Users\riexd\OneDrive\Documents\pruebas-practica-final\jmeter'
2026-07-08 16:27:47,165 INFO o.a.j.s.SaveService: Testplan (JMX) version: 2.2. Testlog (JTL) version: 2.2
2026-07-08 16:27:47,188 INFO o.a.j.s.SaveService: Using SaveService properties version 5.0
2026-07-08 16:27:47,191 INFO o.a.j.s.SaveService: Using SaveService properties file encoding UTF-8
2026-07-08 16:27:47,194 INFO o.a.j.s.SaveService: Loading file: C:\Users\riexd\OneDrive\Documents\pruebas-practica-final\jmeter\03-get-characters.jmx
2026-07-08 16:27:47,233 INFO o.a.j.p.h.s.HTTPSamplerBase: Parser for text/html is org.apache.jmeter.protocol.http.parser.LagartoBasedHtmlParser
2026-07-08 16:27:47,234 INFO o.a.j.p.h.s.HTTPSamplerBase: Parser for application/xhtml+xml is org.apache.jmeter.protocol.http.parser.LagartoBasedHtmlParser
2026-07-08 16:27:47,234 INFO o.a.j.p.h.s.HTTPSamplerBase: Parser for application/xml is org.apache.jmeter.protocol.http.parser.LagartoBasedHtmlParser
2026-07-08 16:27:47,234 INFO o.a.j.p.h.s.HTTPSamplerBase: Parser for text/xml is org.apache.jmeter.protocol.http.parser.LagartoBasedHtmlParser
2026-07-08 16:27:47,234 INFO o.a.j.p.h.s.HTTPSamplerBase: Parser for text/vnd.wap.wml is org.apache.jmeter.protocol.http.parser.RegexpHTMLParser
2026-07-08 16:27:47,234 INFO o.a.j.p.h.s.HTTPSamplerBase: Parser for text/css is org.apache.jmeter.protocol.http.parser.CssParser
2026-07-08 16:27:47,255 INFO o.a.j.JMeter: Creating summariser <summary>
2026-07-08 16:27:47,258 INFO o.a.j.r.d.ReportGenerator: ReportGenerator will use for Parsing the separator: ','
2026-07-08 16:27:47,258 INFO o.a.j.r.d.ReportGenerator: Will generate report at end of test from  results file: C:/Users/riexd/OneDrive/Documents/pruebas-practica-final/jmeter/resultados/03-get-characters.jtl
2026-07-08 16:27:47,258 INFO o.a.j.r.d.ReportGenerator: Reading report generator properties from: C:\Dev\apache-jmeter-5.6.3\bin\reportgenerator.properties
2026-07-08 16:27:47,259 INFO o.a.j.r.d.ReportGenerator: Merging with JMeter properties
2026-07-08 16:27:47,261 INFO o.a.j.r.c.ReportGeneratorConfiguration: Property 'jmeter.reportgenerator.temp_dir' not found, using default value 'temp' instead.
2026-07-08 16:27:47,263 INFO o.a.j.r.c.ReportGeneratorConfiguration: Property 'jmeter.reportgenerator.apdex_per_transaction' not found, using default value 'null' instead.
2026-07-08 16:27:47,263 INFO o.a.j.r.c.ReportGeneratorConfiguration: apdex_per_transaction is empty, not APDEX per transaction customization
2026-07-08 16:27:47,263 INFO o.a.j.r.c.ReportGeneratorConfiguration: Property 'jmeter.reportgenerator.sample_filter' not found, using default value 'null' instead.
2026-07-08 16:27:47,263 INFO o.a.j.r.c.ReportGeneratorConfiguration: Property 'jmeter.reportgenerator.report_title' not found, using default value 'null' instead.
2026-07-08 16:27:47,263 INFO o.a.j.r.c.ReportGeneratorConfiguration: Property 'jmeter.reportgenerator.start_date' not found, using default value 'null' instead.
2026-07-08 16:27:47,263 INFO o.a.j.r.c.ReportGeneratorConfiguration: Property 'jmeter.reportgenerator.end_date' not found, using default value 'null' instead.
2026-07-08 16:27:47,263 INFO o.a.j.r.c.ReportGeneratorConfiguration: Property 'jmeter.reportgenerator.date_format' not found, using default value 'null' instead.
2026-07-08 16:27:47,263 INFO o.a.j.r.c.ReportGeneratorConfiguration: Will use date range start date: null, end date: null
2026-07-08 16:27:47,266 INFO o.a.j.r.c.ReportGeneratorConfiguration: Property 'jmeter.reportgenerator.graph.totalTPS.exclude_controllers' not found, using default value 'false' instead.
2026-07-08 16:27:47,266 INFO o.a.j.r.c.ReportGeneratorConfiguration: Property 'jmeter.reportgenerator.graph.activeThreadsOverTime.exclude_controllers' not found, using default value 'false' instead.
2026-07-08 16:27:47,266 INFO o.a.j.r.c.ReportGeneratorConfiguration: Property 'jmeter.reportgenerator.graph.timeVsThreads.exclude_controllers' not found, using default value 'false' instead.
2026-07-08 16:27:47,266 INFO o.a.j.r.c.ReportGeneratorConfiguration: Property 'jmeter.reportgenerator.graph.responseTimeDistribution.exclude_controllers' not found, using default value 'false' instead.
2026-07-08 16:27:47,266 INFO o.a.j.r.c.ReportGeneratorConfiguration: Property 'jmeter.reportgenerator.graph.transactionsPerSecond.exclude_controllers' not found, using default value 'false' instead.
2026-07-08 16:27:47,266 INFO o.a.j.r.c.ReportGeneratorConfiguration: Property 'jmeter.reportgenerator.graph.responseTimePercentiles.exclude_controllers' not found, using default value 'false' instead.
2026-07-08 16:27:47,266 INFO o.a.j.r.c.ReportGeneratorConfiguration: Property 'jmeter.reportgenerator.graph.responseTimePercentilesOverTime.exclude_controllers' not found, using default value 'false' instead.
2026-07-08 16:27:47,267 INFO o.a.j.r.c.ReportGeneratorConfiguration: Property 'jmeter.reportgenerator.graph.responseTimesOverTime.exclude_controllers' not found, using default value 'false' instead.
2026-07-08 16:27:47,267 INFO o.a.j.r.c.ReportGeneratorConfiguration: Property 'jmeter.reportgenerator.graph.connectTimeOverTime.exclude_controllers' not found, using default value 'false' instead.
2026-07-08 16:27:47,267 INFO o.a.j.r.c.ReportGeneratorConfiguration: Property 'jmeter.reportgenerator.graph.latenciesOverTime.exclude_controllers' not found, using default value 'false' instead.
2026-07-08 16:27:47,268 INFO o.a.j.r.c.ReportGeneratorConfiguration: Property 'jmeter.reportgenerator.exporter.json.filters_only_sample_series' not found, using default value 'true' instead.
2026-07-08 16:27:47,268 INFO o.a.j.r.c.ReportGeneratorConfiguration: Property 'jmeter.reportgenerator.exporter.json.series_filter' not found, using default value '' instead.
2026-07-08 16:27:47,268 INFO o.a.j.r.c.ReportGeneratorConfiguration: Property 'jmeter.reportgenerator.exporter.json.show_controllers_only' not found, using default value 'false' instead.
2026-07-08 16:27:47,268 INFO o.a.j.r.c.ReportGeneratorConfiguration: Property 'jmeter.reportgenerator.exporter.html.filters_only_sample_series' not found, using default value 'true' instead.
2026-07-08 16:27:47,268 INFO o.a.j.r.c.ReportGeneratorConfiguration: Property 'jmeter.reportgenerator.exporter.html.series_filter' not found, using default value '' instead.
2026-07-08 16:27:47,268 INFO o.a.j.r.c.ReportGeneratorConfiguration: Property 'jmeter.reportgenerator.exporter.html.show_controllers_only' not found, using default value 'false' instead.
2026-07-08 16:27:47,277 INFO o.a.j.e.StandardJMeterEngine: Running the test!
2026-07-08 16:27:47,278 INFO o.a.j.s.SampleEvent: List of sample_variables: []
2026-07-08 16:27:47,278 INFO o.a.j.s.SampleEvent: List of sample_variables: []
2026-07-08 16:27:47,281 INFO o.a.j.e.u.CompoundVariable: Note: Function class names must contain the string: '.functions.'
2026-07-08 16:27:47,281 INFO o.a.j.e.u.CompoundVariable: Note: Function class names must not contain the string: '.gui.'
2026-07-08 16:27:47,338 INFO o.a.j.JMeter: Running test (1783546067338)
2026-07-08 16:27:47,349 INFO o.a.j.e.StandardJMeterEngine: Starting ThreadGroup: 1 : Usuarios
2026-07-08 16:27:47,349 INFO o.a.j.e.StandardJMeterEngine: Starting 5 threads for group Usuarios.
2026-07-08 16:27:47,349 INFO o.a.j.e.StandardJMeterEngine: Thread will continue on error
2026-07-08 16:27:47,350 INFO o.a.j.t.ThreadGroup: Starting thread group... number=1 threads=5 ramp-up=2 delayedStart=false
2026-07-08 16:27:47,354 INFO o.a.j.t.ThreadGroup: Started thread group number 1
2026-07-08 16:27:47,355 INFO o.a.j.e.StandardJMeterEngine: All thread groups have been started
2026-07-08 16:27:47,355 INFO o.a.j.t.JMeterThread: Thread started: Usuarios 1-1
2026-07-08 16:27:47,367 INFO o.a.j.p.h.s.HTTPHCAbstractImpl: Local host = rodrigo
2026-07-08 16:27:47,371 INFO o.a.j.p.h.s.HTTPHC4Impl: HTTP request retry count = 0
2026-07-08 16:27:47,372 INFO o.a.j.s.SampleResult: Note: Sample TimeStamps are START times
2026-07-08 16:27:47,372 INFO o.a.j.s.SampleResult: sampleresult.default.encoding is set to UTF-8
2026-07-08 16:27:47,372 INFO o.a.j.s.SampleResult: sampleresult.useNanoTime=true
2026-07-08 16:27:47,372 INFO o.a.j.s.SampleResult: sampleresult.nanoThreadSleep=5000
2026-07-08 16:27:47,560 INFO o.a.j.p.h.s.h.LazyLayeredConnectionSocketFactory: Setting up HTTPS TrustAll Socket Factory
2026-07-08 16:27:47,565 INFO o.a.j.u.JsseSSLManager: Using default SSL protocol: TLS
2026-07-08 16:27:47,565 INFO o.a.j.u.JsseSSLManager: SSL session context: per-thread
2026-07-08 16:27:47,618 INFO o.a.j.u.SSLManager: JmeterKeyStore Location:  type JKS
2026-07-08 16:27:47,620 INFO o.a.j.u.SSLManager: KeyStore created OK
2026-07-08 16:27:47,620 WARN o.a.j.u.SSLManager: Keystore file not found, loading empty keystore
2026-07-08 16:27:47,753 INFO o.a.j.t.JMeterThread: Thread started: Usuarios 1-2
2026-07-08 16:27:48,153 INFO o.a.j.t.JMeterThread: Thread started: Usuarios 1-3
2026-07-08 16:27:48,387 INFO o.a.j.t.JMeterThread: Thread is done: Usuarios 1-1
2026-07-08 16:27:48,387 INFO o.a.j.t.JMeterThread: Thread finished: Usuarios 1-1
2026-07-08 16:27:48,539 INFO o.a.j.t.JMeterThread: Thread is done: Usuarios 1-2
2026-07-08 16:27:48,539 INFO o.a.j.t.JMeterThread: Thread finished: Usuarios 1-2
2026-07-08 16:27:48,552 INFO o.a.j.t.JMeterThread: Thread started: Usuarios 1-4
2026-07-08 16:27:48,928 INFO o.a.j.t.JMeterThread: Thread is done: Usuarios 1-3
2026-07-08 16:27:48,928 INFO o.a.j.t.JMeterThread: Thread finished: Usuarios 1-3
2026-07-08 16:27:48,951 INFO o.a.j.t.JMeterThread: Thread started: Usuarios 1-5
2026-07-08 16:27:49,326 INFO o.a.j.t.JMeterThread: Thread is done: Usuarios 1-4
2026-07-08 16:27:49,326 INFO o.a.j.t.JMeterThread: Thread finished: Usuarios 1-4
2026-07-08 16:27:49,722 INFO o.a.j.t.JMeterThread: Thread is done: Usuarios 1-5
2026-07-08 16:27:49,722 INFO o.a.j.t.JMeterThread: Thread finished: Usuarios 1-5
2026-07-08 16:27:49,722 INFO o.a.j.e.StandardJMeterEngine: Notifying test listeners of end of test
2026-07-08 16:27:49,724 INFO o.a.j.r.Summariser: summary =      5 in 00:00:02 =    2.1/s Avg:   807 Min:   769 Max:   935 Err:     0 (0.00%)
2026-07-08 16:27:49,724 INFO o.a.j.JMeter: Generating Dashboard
2026-07-08 16:27:49,724 INFO o.a.j.r.d.ReportGenerator: Flushing result collector before report Generation
2026-07-08 16:27:49,731 INFO o.a.j.r.p.NormalizerSampleConsumer: Using format, 'ms', to parse timeStamp field
2026-07-08 16:27:49,765 INFO o.a.j.r.p.AbstractSampleConsumer: class org.apache.jmeter.report.processor.AggregateConsumer#stopProducing(): beginDate produced 0 samples
2026-07-08 16:27:49,766 INFO o.a.j.r.p.AbstractSampleConsumer: class org.apache.jmeter.report.processor.AggregateConsumer#stopProducing(): endDate produced 0 samples
2026-07-08 16:27:49,767 INFO o.a.j.r.p.AbstractSampleConsumer: class org.apache.jmeter.report.processor.ApdexSummaryConsumer#stopProducing(): apdexSummary produced 0 samples
2026-07-08 16:27:49,767 INFO o.a.j.r.p.AbstractSampleConsumer: class org.apache.jmeter.report.processor.RequestsSummaryConsumer#stopProducing(): requestsSummary produced 0 samples
2026-07-08 16:27:49,771 INFO o.a.j.r.p.AbstractSampleConsumer: class org.apache.jmeter.report.processor.StatisticsSummaryConsumer#stopProducing(): statisticsSummary produced 0 samples
2026-07-08 16:27:49,772 INFO o.a.j.r.p.AbstractSampleConsumer: class org.apache.jmeter.report.processor.Top5ErrorsBySamplerConsumer#stopProducing(): top5ErrorsBySampler produced 0 samples
2026-07-08 16:27:49,772 INFO o.a.j.r.p.AbstractSampleConsumer: class org.apache.jmeter.report.processor.ErrorsSummaryConsumer#stopProducing(): errorsSummary produced 0 samples
2026-07-08 16:27:49,772 INFO o.a.j.r.p.AbstractSampleConsumer: class org.apache.jmeter.report.processor.graph.impl.HitsPerSecondGraphConsumer#stopProducing(): hitsPerSecond produced 0 samples
2026-07-08 16:27:49,781 INFO o.a.j.r.p.AbstractSampleConsumer: class org.apache.jmeter.report.processor.graph.impl.LatencyVSRequestGraphConsumer#stopProducing(): latencyVsRequest produced 0 samples
2026-07-08 16:27:49,781 INFO o.a.j.r.p.AbstractSampleConsumer: class org.apache.jmeter.report.processor.graph.impl.SyntheticResponseTimeDistributionGraphConsumer#stopProducing(): syntheticResponseTimeDistribution produced 0 samples
2026-07-08 16:27:49,782 INFO o.a.j.r.p.AbstractSampleConsumer: class org.apache.jmeter.report.processor.graph.impl.BytesThroughputGraphConsumer#stopProducing(): bytesThroughputOverTime produced 0 samples
2026-07-08 16:27:49,782 INFO o.a.j.r.p.AbstractSampleConsumer: class org.apache.jmeter.report.processor.graph.impl.CodesPerSecondGraphConsumer#stopProducing(): codesPerSecond produced 0 samples
2026-07-08 16:27:49,784 INFO o.a.j.r.p.AbstractSampleConsumer: class org.apache.jmeter.report.processor.graph.impl.ResponseTimeVSRequestGraphConsumer#stopProducing(): responseTimeVsRequest produced 0 samples
2026-07-08 16:27:49,784 INFO o.a.j.r.p.AbstractSampleConsumer: class org.apache.jmeter.report.processor.FilterConsumer#stopProducing(): startIntervalControlerFilter produced 35 samples
2026-07-08 16:27:49,784 INFO o.a.j.r.p.AbstractSampleConsumer: class org.apache.jmeter.report.processor.graph.impl.TotalTPSGraphConsumer#stopProducing(): totalTPS produced 0 samples
2026-07-08 16:27:49,784 INFO o.a.j.r.p.AbstractSampleConsumer: class org.apache.jmeter.report.processor.graph.impl.ActiveThreadsGraphConsumer#stopProducing(): activeThreadsOverTime produced 0 samples
2026-07-08 16:27:49,784 INFO o.a.j.r.p.AbstractSampleConsumer: class org.apache.jmeter.report.processor.graph.impl.TimeVSThreadGraphConsumer#stopProducing(): timeVsThreads produced 0 samples
2026-07-08 16:27:49,784 INFO o.a.j.r.p.AbstractSampleConsumer: class org.apache.jmeter.report.processor.graph.impl.ResponseTimeDistributionGraphConsumer#stopProducing(): responseTimeDistribution produced 0 samples
2026-07-08 16:27:49,784 INFO o.a.j.r.p.AbstractSampleConsumer: class org.apache.jmeter.report.processor.graph.impl.TransactionsPerSecondGraphConsumer#stopProducing(): transactionsPerSecond produced 0 samples
2026-07-08 16:27:49,784 INFO o.a.j.r.p.AbstractSampleConsumer: class org.apache.jmeter.report.processor.graph.impl.ResponseTimePercentilesGraphConsumer#stopProducing(): responseTimePercentiles produced 0 samples
2026-07-08 16:27:49,785 INFO o.a.j.r.p.AbstractSampleConsumer: class org.apache.jmeter.report.processor.graph.impl.ResponseTimePercentilesOverTimeGraphConsumer#stopProducing(): responseTimePercentilesOverTime produced 0 samples
2026-07-08 16:27:49,785 INFO o.a.j.r.p.AbstractSampleConsumer: class org.apache.jmeter.report.processor.graph.impl.ResponseTimeOverTimeGraphConsumer#stopProducing(): responseTimesOverTime produced 0 samples
2026-07-08 16:27:49,785 INFO o.a.j.r.p.AbstractSampleConsumer: class org.apache.jmeter.report.processor.graph.impl.ConnectTimeOverTimeGraphConsumer#stopProducing(): connectTimeOverTime produced 0 samples
2026-07-08 16:27:49,785 INFO o.a.j.r.p.AbstractSampleConsumer: class org.apache.jmeter.report.processor.graph.impl.LatencyOverTimeGraphConsumer#stopProducing(): latenciesOverTime produced 0 samples
2026-07-08 16:27:49,785 INFO o.a.j.r.p.AbstractSampleConsumer: class org.apache.jmeter.report.processor.FilterConsumer#stopProducing(): nameFilter produced 75 samples
2026-07-08 16:27:49,785 INFO o.a.j.r.p.AbstractSampleConsumer: class org.apache.jmeter.report.processor.FilterConsumer#stopProducing(): dateRangeFilter produced 15 samples
2026-07-08 16:27:49,785 INFO o.a.j.r.p.AbstractSampleConsumer: class org.apache.jmeter.report.processor.NormalizerSampleConsumer#stopProducing(): normalizer produced 5 samples
2026-07-08 16:27:49,785 INFO o.a.j.r.p.CsvFileSampleSource: produce(): 5 samples produced in 37ms on channel 0
2026-07-08 16:27:49,786 INFO o.a.j.r.d.ReportGenerator: Exporting data using exporter:'json' of className:'org.apache.jmeter.report.dashboard.JsonExporter'
2026-07-08 16:27:49,840 INFO o.a.j.r.d.JsonExporter: Found data for consumer statisticsSummary in context
2026-07-08 16:27:49,840 INFO o.a.j.r.d.JsonExporter: Creating statistics for overall
2026-07-08 16:27:49,840 INFO o.a.j.r.d.JsonExporter: Creating statistics for other transactions
2026-07-08 16:27:49,841 INFO o.a.j.r.d.JsonExporter: Checking output folder
2026-07-08 16:27:49,841 INFO o.a.j.r.d.JsonExporter: Writing statistics JSON to C:\Users\riexd\OneDrive\Documents\pruebas-practica-final\jmeter\resultados\03-get-characters-reporte\statistics.json
2026-07-08 16:27:49,873 INFO o.a.j.r.d.ReportGenerator: Exporting data using exporter:'html' of className:'org.apache.jmeter.report.dashboard.HtmlTemplateExporter'
2026-07-08 16:27:49,874 INFO o.a.j.r.d.HtmlTemplateExporter: Will generate dashboard in folder: C:\Users\riexd\OneDrive\Documents\pruebas-practica-final\jmeter\resultados\03-get-characters-reporte
2026-07-08 16:27:49,943 INFO o.a.j.r.d.HtmlTemplateExporter: Report will be generated in: C:\Users\riexd\OneDrive\Documents\pruebas-practica-final\jmeter\resultados\03-get-characters-reporte, creating folder structure
2026-07-08 16:27:49,945 INFO o.a.j.r.d.TemplateVisitor: Copying folder from 'C:\Dev\apache-jmeter-5.6.3\bin\report-template' to 'C:\Users\riexd\OneDrive\Documents\pruebas-practica-final\jmeter\resultados\03-get-characters-reporte', got message: C:\Users\riexd\OneDrive\Documents\pruebas-practica-final\jmeter\resultados\03-get-characters-reporte, found non empty folder with following content [C:\Users\riexd\OneDrive\Documents\pruebas-practica-final\jmeter\resultados\03-get-characters-reporte\statistics.json], will be ignored
2026-07-08 16:27:50,177 INFO o.a.j.JMeter: Dashboard generated
